-------------------
Player: White - 1
Goal value: 238
Moves/Time: 32,951 / 0.48 s = 0.0146 ms/M, 68,443 M/s
Transposition table: 4,146 entries, 0.2531 MB
FEN: rnbqkbnr/pppppppp/8/8/8/8/PPPPPPPP/RNBQKBNR w KQkq - 0 1
Pawn structure: 0, 0
Eval: 31, 31
Move played: e2e4
-------------------
Player: Black - 1
Goal value: -214
Moves/Time: 35,838 / 0.53 s = 0.0147 ms/M, 68,012 M/s
Transposition table: 5,482 entries, 0.3346 MB
FEN: rnbqkbnr/pppppppp/8/8/4P3/8/PPPP1PPP/RNBQKBNR b KQkq - 0 1
Pawn structure: 0, 0
Eval: -5, -5
Move played: g8f6
-------------------
Player: White - 2
Goal value: 305
Moves/Time: 68,171 / 0.90 s = 0.0133 ms/M, 75,388 M/s
Transposition table: 9,925 entries, 0.6058 MB
FEN: rnbqkb1r/pppppppp/5n2/8/4P3/8/PPPP1PPP/RNBQKBNR w KQkq - 1 2
Pawn structure: 0, 0
Eval: -12, -12
Move played: d1f3
-------------------
Player: Black - 2
Goal value: -273
Moves/Time: 51,998 / 0.87 s = 0.0167 ms/M, 59,801 M/s
Transposition table: 14,976 entries, 0.9141 MB
FEN: rnbqkb1r/pppppppp/5n2/8/4P3/5Q2/PPPP1PPP/RNB1KBNR b KQkq - 2 2
Pawn structure: 0, 0
Eval: -46, -46
Move played: b8c6
-------------------
Player: White - 3
Goal value: 315
Moves/Time: 166,701 / 2.55 s = 0.0153 ms/M, 65,408 M/s
Transposition table: 26,953 entries, 1.6451 MB
FEN: r1bqkb1r/pppppppp/2n2n2/8/4P3/5Q2/PPPP1PPP/RNB1KBNR w KQkq - 3 3
Pawn structure: 0, 0
Eval: -40, -40
Move played: e4e5
-------------------
Player: Black - 3
Goal value: -441
Moves/Time: 24,260 / 0.38 s = 0.0157 ms/M, 63,635 M/s
Transposition table: 18,623 entries, 1.1367 MB
FEN: r1bqkb1r/pppppppp/2n2n2/4P3/8/5Q2/PPPP1PPP/RNB1KBNR b KQkq - 0 3
Pawn structure: 0, 0
Eval: -286, -286
Move played: c6e5
-------------------
Player: White - 4
Goal value: 383
Moves/Time: 47,489 / 0.65 s = 0.0137 ms/M, 73,045 M/s
Transposition table: 30,976 entries, 1.8906 MB
FEN: r1bqkb1r/pppppppp/5n2/4n3/8/5Q2/PPPP1PPP/RNB1KBNR w KQkq - 0 4
Pawn structure: 0, 0
Eval: -271, -271
Move played: f3f5
-------------------
Player: Black - 4
Goal value: -475
Moves/Time: 41,818 / 0.86 s = 0.0206 ms/M, 48,542 M/s
Transposition table: 26,961 entries, 1.6456 MB
FEN: r1bqkb1r/pppppppp/5n2/4nQ2/8/8/PPPP1PPP/RNB1KBNR b KQkq - 1 4
Pawn structure: 0, 0
Eval: -272, -272
Move played: f6g4
-------------------
Player: White - 5
Goal value: 351
Moves/Time: 139,990 / 2.05 s = 0.0146 ms/M, 68,275 M/s
Transposition table: 45,343 entries, 2.7675 MB
FEN: r1bqkb1r/pppppppp/8/4nQ2/6n1/8/PPPP1PPP/RNB1KBNR w KQkq - 2 5
Pawn structure: 0, 0
Eval: -290, -290
Move played: f2f4
-------------------
Player: Black - 5
Goal value: -466
Moves/Time: 21,712 / 0.51 s = 0.0236 ms/M, 42,423 M/s
Transposition table: 30,424 entries, 1.8569 MB
FEN: r1bqkb1r/pppppppp/8/4nQ2/5Pn1/8/PPPP2PP/RNB1KBNR b KQkq - 0 5
Pawn structure: 0, 0
Eval: -308, -308
Move played: e7e6
-------------------
Player: White - 6
Goal value: 358
Moves/Time: 27,657 / 0.45 s = 0.0164 ms/M, 60,988 M/s
Transposition table: 48,578 entries, 2.9650 MB
FEN: r1bqkb1r/pppp1ppp/4p3/4nQ2/5Pn1/8/PPPP2PP/RNB1KBNR w KQkq - 0 6
Pawn structure: 0, 0
Eval: -324, -324
Move played: f5h5
-------------------
Player: Black - 6
Goal value: -562
Moves/Time: 62,911 / 0.93 s = 0.0147 ms/M, 67,814 M/s
Transposition table: 36,697 entries, 2.2398 MB
FEN: r1bqkb1r/pppp1ppp/4p3/4n2Q/5Pn1/8/PPPP2PP/RNB1KBNR b KQkq - 1 6
Pawn structure: 0, 0
Eval: -349, -349
Move played: f8c5
-------------------
Player: White - 7
Goal value: 314
Moves/Time: 101,077 / 2.17 s = 0.0214 ms/M, 46,642 M/s
Transposition table: 68,873 entries, 4.2037 MB
FEN: r1bqk2r/pppp1ppp/4p3/2b1n2Q/5Pn1/8/PPPP2PP/RNB1KBNR w KQkq - 2 7
Pawn structure: 0, 0
Eval: 478, 478
Move played: f4e5
-------------------
Player: Black - 7
Goal value: -644
Moves/Time: 33,871 / 0.52 s = 0.0154 ms/M, 65,102 M/s
Transposition table: 40,295 entries, 2.4594 MB
FEN: r1bqk2r/pppp1ppp/4p3/2b1P2Q/6n1/8/PPPP2PP/RNB1KBNR b KQkq - 0 7
Pawn structure: 0, 0
Eval: 438, 438
Move played: g4f2
-------------------
Player: White - 8
Goal value: 509
Moves/Time: 36,625 / 0.53 s = 0.0145 ms/M, 68,826 M/s
Transposition table: 72,588 entries, 4.4304 MB
FEN: r1bqk2r/pppp1ppp/4p3/2b1P2Q/8/8/PPPP1nPP/RNB1KBNR w KQkq - 1 8
Pawn structure: 0, 0
Eval: 471, 471
Move played: d2d4
-------------------
Player: Black - 8
Goal value: -303
Moves/Time: 64,805 / 1.15 s = 0.0177 ms/M, 56,406 M/s
Transposition table: 51,060 entries, 3.1165 MB
FEN: r1bqk2r/pppp1ppp/4p3/2b1P2Q/3P4/8/PPP2nPP/RNB1KBNR b KQkq - 0 8
Pawn structure: 0, 0
Eval: 475, 475
Move played: g7g6
-------------------
Player: White - 9
Goal value: 520
Moves/Time: 34,960 / 0.50 s = 0.0144 ms/M, 69,519 M/s
Transposition table: 76,047 entries, 4.6415 MB
FEN: r1bqk2r/pppp1p1p/4p1p1/2b1P2Q/3P4/8/PPP2nPP/RNB1KBNR w KQkq - 0 9
Pawn structure: 0, 0
Eval: 527, 527
Move played: h5h6
-------------------
Player: Black - 9
Goal value: -317
Moves/Time: 31,946 / 0.86 s = 0.0268 ms/M, 37,252 M/s
Transposition table: 56,512 entries, 3.4492 MB
FEN: r1bqk2r/pppp1p1p/4p1pQ/2b1P3/3P4/8/PPP2nPP/RNB1KBNR b KQkq - 1 9
Pawn structure: 0, 0
Eval: 552, 552
Move played: c5f8
-------------------
Player: White - 10
Goal value: -313
Moves/Time: 31,233 / 0.46 s = 0.0148 ms/M, 67,586 M/s
Transposition table: 79,401 entries, 4.8463 MB
FEN: r1bqkb1r/pppp1p1p/4p1pQ/4P3/3P4/8/PPP2nPP/RNB1KBNR w KQkq - 2 10
Pawn structure: 0, 0
Eval: 1367, 1367
Move played: e1f2
-------------------
Player: Black - 10
Goal value: -1238
Moves/Time: 11,748 / 0.20 s = 0.0169 ms/M, 59,327 M/s
Transposition table: 58,264 entries, 3.5562 MB
FEN: r1bqkb1r/pppp1p1p/4p1pQ/4P3/3P4/8/PPP2KPP/RNB2BNR b kq - 0 10
Pawn structure: 0, 0
Eval: -1240, -1240
Move played: f8h6
-------------------
Player: White - 11
Goal value: -1198
Moves/Time: 19,073 / 0.29 s = 0.0150 ms/M, 66,575 M/s
Transposition table: 81,395 entries, 4.9680 MB
FEN: r1bqk2r/pppp1p1p/4p1pb/4P3/3P4/8/PPP2KPP/RNB2BNR w kq - 0 11
Pawn structure: 0, 0
Eval: -291, -291
Move played: c1h6
-------------------
Player: Black - 11
Goal value: -1427
Moves/Time: 7,147 / 0.12 s = 0.0165 ms/M, 60,656 M/s
Transposition table: 58,985 entries, 3.6002 MB
FEN: r1bqk2r/pppp1p1p/4p1pB/4P3/3P4/8/PPP2KPP/RN3BNR b kq - 0 11
Pawn structure: 0, 0
Eval: -309, -309
Move played: d8h4
-------------------
Player: White - 12
Goal value: -1028
Moves/Time: 5,438 / 0.11 s = 0.0197 ms/M, 50,787 M/s
Transposition table: 82,348 entries, 5.0261 MB
FEN: r1b1k2r/pppp1p1p/4p1pB/4P3/3P3q/8/PPP2KPP/RN3BNR w kq - 1 12
Pawn structure: 0, 0
Eval: -313, -313
Move played: g2g3
-------------------
Player: Black - 12
Goal value: -1820
Moves/Time: 25,924 / 0.41 s = 0.0160 ms/M, 62,659 M/s
Transposition table: 62,330 entries, 3.8043 MB
FEN: r1b1k2r/pppp1p1p/4p1pB/4P3/3P3q/6P1/PPP2K1P/RN3BNR b kq - 0 12
Pawn structure: -20, -20
Eval: -525, -525
Move played: h4d4
-------------------
Player: White - 13
Goal value: -888
Moves/Time: 18,366 / 0.33 s = 0.0181 ms/M, 55,298 M/s
Transposition table: 86,674 entries, 5.2902 MB
FEN: r1b1k2r/pppp1p1p/4p1pB/4P3/3q4/6P1/PPP2K1P/RN3BNR w kq - 0 13
Pawn structure: -20, -20
Eval: -511, -511
Move played: f2g2
-------------------
Player: Black - 13
Goal value: -1931
Moves/Time: 37,756 / 0.54 s = 0.0143 ms/M, 70,080 M/s
Transposition table: 65,465 entries, 3.9957 MB
FEN: r1b1k2r/pppp1p1p/4p1pB/4P3/3q4/6P1/PPP3KP/RN3BNR b kq - 1 13
Pawn structure: -60, -60
Eval: -709, -709
Move played: d4b2
-------------------
Player: White - 14
Goal value: -1699
Moves/Time: 16,077 / 0.24 s = 0.0147 ms/M, 67,802 M/s
Transposition table: 88,659 entries, 5.4113 MB
FEN: r1b1k2r/pppp1p1p/4p1pB/4P3/8/6P1/PqP3KP/RN3BNR w kq - 0 14
Pawn structure: -60, -60
Eval: -697, -697
Move played: h6g7
-------------------
Player: Black - 14
Goal value: -2695
Moves/Time: 17,662 / 0.26 s = 0.0145 ms/M, 68,882 M/s
Transposition table: 67,200 entries, 4.1016 MB
FEN: r1b1k2r/pppp1pBp/4p1p1/4P3/8/6P1/PqP3KP/RN3BNR b kq - 1 14
Pawn structure: -60, -60
Eval: -697, -697
Move played: h8g8
-------------------
Player: White - 15
Goal value: -2062
Moves/Time: 13,548 / 0.57 s = 0.0421 ms/M, 23,746 M/s
Transposition table: 91,594 entries, 5.5905 MB
FEN: r1b1k1r1/pppp1pBp/4p1p1/4P3/8/6P1/PqP3KP/RN3BNR w q - 2 15
Pawn structure: -60, -60
Eval: -671, -671
Move played: g7f6
-------------------
Player: Black - 15
Goal value: -2719
Moves/Time: 56,331 / 0.85 s = 0.0150 ms/M, 66,512 M/s
Transposition table: 72,975 entries, 4.4540 MB
FEN: r1b1k1r1/pppp1p1p/4pBp1/4P3/8/6P1/PqP3KP/RN3BNR b q - 3 15
Pawn structure: -60, -60
Eval: -1948, -1948
Move played: b2a1
-------------------
Player: White - 16
Goal value: -2073
Moves/Time: 18,465 / 0.32 s = 0.0173 ms/M, 57,940 M/s
Transposition table: 95,663 entries, 5.8388 MB
FEN: r1b1k1r1/pppp1p1p/4pBp1/4P3/8/6P1/P1P3KP/qN3BNR w q - 0 16
Pawn structure: -60, -60
Eval: -1919, -1919
Move played: b1d2
-------------------
Player: Black - 16
Goal value: -2927
Moves/Time: 37,376 / 0.59 s = 0.0157 ms/M, 63,736 M/s
Transposition table: 77,735 entries, 4.7446 MB
FEN: r1b1k1r1/pppp1p1p/4pBp1/4P3/8/6P1/P1PN2KP/q4BNR b q - 1 16
Pawn structure: -40, -40
Eval: -2102, -2102
Move played: a1a2
-------------------
Player: White - 17
Goal value: -1871
Moves/Time: 22,800 / 0.38 s = 0.0166 ms/M, 60,268 M/s
Transposition table: 99,474 entries, 6.0714 MB
FEN: r1b1k1r1/pppp1p1p/4pBp1/4P3/8/6P1/q1PN2KP/5BNR w q - 0 17
Pawn structure: -40, -40
Eval: -2075, -2075
Move played: f1d3
-------------------
Player: Black - 17
Goal value: -2850
Moves/Time: 102,614 / 1.63 s = 0.0159 ms/M, 62,829 M/s
Transposition table: 90,309 entries, 5.5120 MB
FEN: r1b1k1r1/pppp1p1p/4pBp1/4P3/8/3B2P1/q1PN2KP/6NR b q - 1 17
Pawn structure: -40, -40
Eval: -2108, -2108
Move played: a2d5
-------------------
Player: White - 18
Goal value: -1831
Moves/Time: 24,100 / 0.39 s = 0.0162 ms/M, 61,881 M/s
Transposition table: 103,065 entries, 6.2906 MB
FEN: r1b1k1r1/pppp1p1p/4pBp1/3qP3/8/3B2P1/2PN2KP/6NR w q - 2 18
Pawn structure: -40, -40
Eval: -2068, -2068
Move played: g1f3
-------------------
Player: Black - 18
Goal value: -2801
Moves/Time: 111,982 / 2.38 s = 0.0212 ms/M, 47,065 M/s
Transposition table: 108,838 entries, 6.6429 MB
FEN: r1b1k1r1/pppp1p1p/4pBp1/3qP3/8/3B1NP1/2PN2KP/7R b q - 3 18
Pawn structure: -40, -40
Eval: -2058, -2058
Move played: d5c5
-------------------
Player: White - 19
Goal value: -1798
Moves/Time: 212,579 / 3.10 s = 0.0146 ms/M, 68,510 M/s
Transposition table: 125,251 entries, 7.6447 MB
FEN: r1b1k1r1/pppp1p1p/4pBp1/2q1P3/8/3B1NP1/2PN2KP/7R w q - 4 19
Pawn structure: -40, -40
Eval: -2024, -2024
Move played: h1d1
-------------------
Player: Black - 19
Goal value: -2810
Moves/Time: 166,202 / 3.30 s = 0.0199 ms/M, 50,294 M/s
Transposition table: 133,754 entries, 8.1637 MB
FEN: r1b1k1r1/pppp1p1p/4pBp1/2q1P3/8/3B1NP1/2PN2KP/3R4 b q - 5 19
Pawn structure: -40, -40
Eval: -2032, -2032
Move played: a8b8
-------------------
Player: White - 20
Goal value: -1795
Moves/Time: 185,954 / 2.66 s = 0.0143 ms/M, 69,966 M/s
Transposition table: 143,143 entries, 8.7368 MB
FEN: 1rb1k1r1/pppp1p1p/4pBp1/2q1P3/8/3B1NP1/2PN2KP/3R4 w - - 6 20
Pawn structure: -40, -40
Eval: -2035, -2035
Move played: d2b3
-------------------
Player: Black - 20
Goal value: -2767
Moves/Time: 47,583 / 0.84 s = 0.0176 ms/M, 56,971 M/s
Transposition table: 142,094 entries, 8.6727 MB
FEN: 1rb1k1r1/pppp1p1p/4pBp1/2q1P3/8/1N1B1NP1/2P3KP/3R4 b - - 7 20
Pawn structure: -40, -40
Eval: -2045, -2045
Move played: c5d5
-------------------
Player: White - 21
Goal value: -1760
Moves/Time: 73,965 / 0.98 s = 0.0133 ms/M, 75,405 M/s
Transposition table: 149,262 entries, 9.1102 MB
FEN: 1rb1k1r1/pppp1p1p/4pBp1/3qP3/8/1N1B1NP1/2P3KP/3R4 w - - 8 21
Pawn structure: -40, -40
Eval: -2039, -2039
Move played: c2c4
-------------------
Player: Black - 21
Goal value: -2248
Moves/Time: 15,400 / 0.27 s = 0.0173 ms/M, 57,864 M/s
Transposition table: 144,943 entries, 8.8466 MB
FEN: 1rb1k1r1/pppp1p1p/4pBp1/3qP3/2P5/1N1B1NP1/6KP/3R4 b - - 0 21
Pawn structure: -40, -40
Eval: -2027, -2027
Move played: d5c6
-------------------
Player: White - 22
Goal value: -1775
Moves/Time: 53,145 / 0.71 s = 0.0134 ms/M, 74,777 M/s
Transposition table: 154,084 entries, 9.4045 MB
FEN: 1rb1k1r1/pppp1p1p/2q1pBp1/4P3/2P5/1N1B1NP1/6KP/3R4 w - - 1 22
Pawn structure: -40, -40
Eval: -2002, -2002
Move played: b3d4
-------------------
Player: Black - 22
Goal value: -2748
Moves/Time: 39,411 / 0.72 s = 0.0184 ms/M, 54,434 M/s
Transposition table: 152,495 entries, 9.3076 MB
FEN: 1rb1k1r1/pppp1p1p/2q1pBp1/4P3/2PN4/3B1NP1/6KP/3R4 b - - 2 22
Pawn structure: -40, -40
Eval: -1988, -1988
Move played: c6a4
-------------------
Player: White - 23
Goal value: -1787
Moves/Time: 149,772 / 2.78 s = 0.0186 ms/M, 53,837 M/s
Transposition table: 169,556 entries, 10.3489 MB
FEN: 1rb1k1r1/pppp1p1p/4pBp1/4P3/q1PN4/3B1NP1/6KP/3R4 w - - 3 23
Pawn structure: -40, -40
Eval: -2003, -2003
Move played: d1d2
-------------------
Player: Black - 23
Goal value: -2748
Moves/Time: 85,970 / 1.54 s = 0.0179 ms/M, 55,749 M/s
Transposition table: 169,422 entries, 10.3407 MB
FEN: 1rb1k1r1/pppp1p1p/4pBp1/4P3/q1PN4/3B1NP1/3R2KP/8 b - - 4 23
Pawn structure: -40, -40
Eval: -2006, -2006
Move played: a4a5
-------------------
Player: White - 24
Goal value: -1781
Moves/Time: 138,937 / 2.04 s = 0.0147 ms/M, 68,166 M/s
Transposition table: 183,393 entries, 11.1934 MB
FEN: 1rb1k1r1/pppp1p1p/4pBp1/q3P3/2PN4/3B1NP1/3R2KP/8 w - - 5 24
Pawn structure: -40, -40
Eval: -2001, -2001
Move played: h2h3
-------------------
Player: Black - 24
Goal value: -2743
Moves/Time: 139,791 / 2.63 s = 0.0188 ms/M, 53,072 M/s
Transposition table: 197,610 entries, 12.0612 MB
FEN: 1rb1k1r1/pppp1p1p/4pBp1/q3P3/2PN4/3B1NPP/3R2K1/8 b - - 0 24
Pawn structure: -40, -40
Eval: -2006, -2006
Move played: h7h6
-------------------
Player: White - 25
Goal value: -1784
Moves/Time: 124,553 / 2.51 s = 0.0202 ms/M, 49,567 M/s
Transposition table: 195,497 entries, 11.9322 MB
FEN: 1rb1k1r1/pppp1p2/4pBpp/q3P3/2PN4/3B1NPP/3R2K1/8 w - - 0 25
Pawn structure: -40, -40
Eval: -2012, -2012
Move played: d4b5
-------------------
Player: Black - 25
Goal value: -2609
Moves/Time: 47,721 / 0.96 s = 0.0202 ms/M, 49,507 M/s
Transposition table: 209,542 entries, 12.7894 MB
FEN: 1rb1k1r1/pppp1p2/4pBpp/qN2P3/2P5/3B1NPP/3R2K1/8 b - - 1 25
Pawn structure: -40, -40
Eval: -2016, -2016
Move played: a5b6
-------------------
Player: White - 26
Goal value: -1786
Moves/Time: 158,070 / 2.18 s = 0.0138 ms/M, 72,378 M/s
Transposition table: 209,471 entries, 12.7851 MB
FEN: 1rb1k1r1/pppp1p2/1q2pBpp/1N2P3/2P5/3B1NPP/3R2K1/8 w - - 2 26
Pawn structure: -40, -40
Eval: -2007, -2007
Move played: d2f2
-------------------
Player: Black - 26
Goal value: -2749
Moves/Time: 39,323 / 0.77 s = 0.0196 ms/M, 51,122 M/s
Transposition table: 220,384 entries, 13.4512 MB
FEN: 1rb1k1r1/pppp1p2/1q2pBpp/1N2P3/2P5/3B1NPP/5RK1/8 b - - 3 26
Pawn structure: -40, -40
Eval: -2010, -2010
Move played: a7a6
-------------------
Player: White - 27
Goal value: -1804
Moves/Time: 60,124 / 0.83 s = 0.0138 ms/M, 72,473 M/s
Transposition table: 215,337 entries, 13.1431 MB
FEN: 1rb1k1r1/1ppp1p2/pq2pBpp/1N2P3/2P5/3B1NPP/5RK1/8 w - - 0 27
Pawn structure: -40, -40
Eval: -2004, -2004
Move played: b5d4
-------------------
Player: Black - 27
Goal value: -2769
Moves/Time: 98,967 / 1.86 s = 0.0188 ms/M, 53,317 M/s
Transposition table: 242,900 entries, 14.8254 MB
FEN: 1rb1k1r1/1ppp1p2/pq2pBpp/4P3/2PN4/3B1NPP/5RK1/8 b - - 1 27
Pawn structure: -40, -40
Eval: -2009, -2009
Move played: c7c5
-------------------
Player: White - 28
Goal value: -1809
Moves/Time: 52,645 / 0.73 s = 0.0138 ms/M, 72,213 M/s
Transposition table: 220,203 entries, 13.4401 MB
FEN: 1rb1k1r1/1p1p1p2/pq2pBpp/2p1P3/2PN4/3B1NPP/5RK1/8 w - - 0 28
Pawn structure: -40, -40
Eval: -2028, -2028
Move played: d4e2
-------------------
Player: Black - 28
Goal value: -2761
Moves/Time: 65,288 / 1.08 s = 0.0166 ms/M, 60,203 M/s
Transposition table: 255,016 entries, 15.5649 MB
FEN: 1rb1k1r1/1p1p1p2/pq2pBpp/2p1P3/2P5/3B1NPP/4NRK1/8 b - - 1 28
Pawn structure: -40, -40
Eval: -2028, -2028
Move played: b6b3
-------------------
Player: White - 29
Goal value: -1791
Moves/Time: 38,096 / 0.57 s = 0.0148 ms/M, 67,413 M/s
Transposition table: 224,832 entries, 13.7227 MB
FEN: 1rb1k1r1/1p1p1p2/p3pBpp/2p1P3/2P5/1q1B1NPP/4NRK1/8 w - - 2 29
Pawn structure: -40, -40
Eval: -2009, -2009
Move played: e2f4
-------------------
Player: Black - 29
Goal value: -2763
Moves/Time: 83,229 / 2.44 s = 0.0293 ms/M, 34,134 M/s
Transposition table: 272,576 entries, 16.6367 MB
FEN: 1rb1k1r1/1p1p1p2/p3pBpp/2p1P3/2P2N2/1q1B1NPP/5RK1/8 b - - 3 29
Pawn structure: -40, -40
Eval: -2007, -2007
Move played: b7b6
-------------------
Player: White - 30
Goal value: -1796
Moves/Time: 87,636 / 1.32 s = 0.0150 ms/M, 66,555 M/s
Transposition table: 235,595 entries, 14.3796 MB
FEN: 1rb1k1r1/3p1p2/pp2pBpp/2p1P3/2P2N2/1q1B1NPP/5RK1/8 w - - 0 30
Pawn structure: -40, -40
Eval: -2012, -2012
Move played: g2h2
-------------------
Player: Black - 30
Goal value: -2796
Moves/Time: 57,156 / 0.95 s = 0.0167 ms/M, 59,961 M/s
Transposition table: 281,890 entries, 17.2052 MB
FEN: 1rb1k1r1/3p1p2/pp2pBpp/2p1P3/2P2N2/1q1B1NPP/5R1K/8 b - - 1 30
Pawn structure: -40, -40
Eval: -2032, -2032
Move played: c8b7
-------------------
Player: White - 31
Goal value: -1865
Moves/Time: 70,915 / 1.10 s = 0.0155 ms/M, 64,677 M/s
Transposition table: 246,729 entries, 15.0591 MB
FEN: 1r2k1r1/1b1p1p2/pp2pBpp/2p1P3/2P2N2/1q1B1NPP/5R1K/8 w - - 2 31
Pawn structure: -40, -40
Eval: -2053, -2053
Move played: f3h4
-------------------
Player: Black - 31
Goal value: -2969
Moves/Time: 97,327 / 1.48 s = 0.0152 ms/M, 65,785 M/s
Transposition table: 293,926 entries, 17.9398 MB
FEN: 1r2k1r1/1b1p1p2/pp2pBpp/2p1P3/2P2N1N/1q1B2PP/5R1K/8 b - - 3 31
Pawn structure: -40, -40
Eval: -2040, -2040
Move played: g6g5
-------------------
Player: White - 32
Goal value: -2375
Moves/Time: 36,186 / 0.64 s = 0.0176 ms/M, 56,890 M/s
Transposition table: 253,887 entries, 15.4960 MB
FEN: 1r2k1r1/1b1p1p2/pp2pB1p/2p1P1p1/2P2N1N/1q1B2PP/5R1K/8 w - - 0 32
Pawn structure: -40, -40
Eval: -1990, -1990
Move played: h4g6
-------------------
Player: Black - 32
Goal value: -3565
Moves/Time: 57,560 / 0.77 s = 0.0134 ms/M, 74,551 M/s
Transposition table: 298,394 entries, 18.2125 MB
FEN: 1r2k1r1/1b1p1p2/pp2pBNp/2p1P1p1/2P2N2/1q1B2PP/5R1K/8 b - - 1 32
Pawn structure: -10, -10
Eval: -2795, -2795
Move played: g5f4
-------------------
Player: White - 33
Goal value: -2429
Moves/Time: 16,916 / 0.33 s = 0.0194 ms/M, 51,486 M/s
Transposition table: 257,425 entries, 15.7120 MB
FEN: 1r2k1r1/1b1p1p2/pp2pBNp/2p1P3/2P2p2/1q1B2PP/5R1K/8 w - - 0 33
Pawn structure: -20, -20
Eval: -2598, -2598
Move played: g6f4
-------------------
Player: Black - 33
Goal value: -3372
Moves/Time: 218,531 / 3.45 s = 0.0158 ms/M, 63,272 M/s
Transposition table: 325,526 entries, 19.8685 MB
FEN: 1r2k1r1/1b1p1p2/pp2pB1p/2p1P3/2P2N2/1q1B2PP/5R1K/8 b - - 0 33
Pawn structure: -20, -20
Eval: -2624, -2624
Move played: b7e4
-------------------
Player: White - 34
Goal value: -2066
Moves/Time: 18,900 / 0.30 s = 0.0159 ms/M, 62,798 M/s
Transposition table: 260,326 entries, 15.8890 MB
FEN: 1r2k1r1/3p1p2/pp2pB1p/2p1P3/2P1bN2/1q1B2PP/5R1K/8 w - - 1 34
Pawn structure: -20, -20
Eval: -1777, -1777
Move played: d3e4
-------------------
Player: Black - 34
Goal value: -100000
Moves/Time: 3 / 0.00 s = 0.5910 ms/M, 1,692 M/s
Transposition table: 325,526 entries, 19.8685 MB
FEN: 1r2k1r1/3p1p2/pp2pB1p/2p1P3/2P1BN2/1q4PP/5R1K/8 b - - 0 34
Pawn structure: -40, -40
Eval: -2051, -2051
Move played: b3g3
-------------------
Player: White - 35
Goal value: -2060
Moves/Time: 2 / 0.00 s = 0.1607 ms/M, 6,223 M/s
Transposition table: 260,326 entries, 15.8890 MB
FEN: 1r2k1r1/3p1p2/pp2pB1p/2p1P3/2P1BN2/6qP/5R1K/8 w - - 0 35
Pawn structure: -40, -40
Eval: -2060, -2060
Move played: h2h1
-------------------
Player: Black - 35
Goal value: -100000
Moves/Time: 1 / 0.00 s = 0.2383 ms/M, 4,197 M/s
Transposition table: 325,526 entries, 19.8685 MB
FEN: 1r2k1r1/3p1p2/pp2pB1p/2p1P3/2P1BN2/6qP/5R2/7K b - - 1 35
Pawn structure: -40, -40
Eval: -2053, -2053
Move played: g3g1
-------------------
Number of turns: 36
Game Over! Result: Outcome(termination=<Termination.CHECKMATE: 1>, winner=False)
